<?xml version="1.0" encoding="UTF-8"?>
<testsuite xmlns:xsi="http://www.w3.org/2001/XMLSchema-instance" xsi:noNamespaceSchemaLocation="https://maven.apache.org/surefire/maven-surefire-plugin/xsd/surefire-test-report.xsd" name="com.micx.apitest.apiframework.cases.RentAreaReportTest" time="4.634" tests="1" errors="1" skipped="0" failures="0">
  <properties>
[...]
</properties>
  <testcase name="test_Case{TestCase}[1]" classname="com.micx.apitest.apiframework.cases.RentAreaReportTest" time="3.865">
    <error message="接口响应异常" type="java.lang.RuntimeException">java.lang.RuntimeException: 接口响应异常
	at com.micx.apitest.apiframework.cases.RentAreaReportTest.test_Case(RentAreaReportTest.java:67)
</error>
    <system-out><![CDATA[11:36:22.317 [ForkJoinPool-1-worker-5] INFO  c.m.a.a.e.TestCase - [lambda$run$2,89] - ==========================开始执行用例=============================
11:36:22.325 [ForkJoinPool-1-worker-5] INFO  c.m.a.a.e.TestCase - [lambda$run$2,90] - 开始执行用例名称：customers，描述：测试客户列表
11:36:22.325 [ForkJoinPool-1-worker-5] INFO  c.m.a.a.e.TestCase - [lambda$run$2,94] - 用例执行域名：null，环境：test
11:36:22.645 [ForkJoinPool-1-worker-5] INFO  c.m.a.a.entity.Steps - [run,100] - 替换实际参数：{}
11:36:22.653 [ForkJoinPool-1-worker-5] INFO  c.m.a.a.entity.Steps - [run,118] - ==================执行用例步骤开始================
11:36:22.653 [ForkJoinPool-1-worker-5] INFO  c.m.a.a.entity.Steps - [run,119] - 步骤名称：获取客户数据
https://apim-sharesvc-dev-apim-eas-01.azure-api.net/ftlife/api
Request method:	GET
Request URI:	https://apim-sharesvc-dev-apim-eas-01.azure-api.net/ftlife/api/customers?limit=2
Proxy:			<none>
Request params:	<none>
Query params:	limit=2
Form params:	<none>
Path params:	<none>
Headers:		User-Agent=PostmanRuntime/7.32.3
				Accept=*/*
Cookies:		<none>
Multiparts:		<none>
Body:			<none>
11:36:26.061 [ForkJoinPool-1-worker-5] INFO  c.m.a.a.entity.Steps - [run,126] - 接口响应：<!doctype html><html lang="en"><head><title>HTTP Status 404 – Not Found</title><style type="text/css">body {font-family:Tahoma,Arial,sans-serif;} h1, h2, h3, b {color:white;background-color:#525D76;} h1 {font-size:22px;} h2 {font-size:16px;} h3 {font-size:14px;} p {font-size:12px;} a {color:black;} .line {height:1px;background-color:#525D76;border:none;}</style></head><body><h1>HTTP Status 404 – Not Found</h1></body></html>
11:36:26.061 [ForkJoinPool-1-worker-5] ERROR c.m.a.a.entity.Steps - [run,149] - 接口响应异常：<!doctype html><html lang="en"><head><title>HTTP Status 404 – Not Found</title><style type="text/css">body {font-family:Tahoma,Arial,sans-serif;} h1, h2, h3, b {color:white;background-color:#525D76;} h1 {font-size:22px;} h2 {font-size:16px;} h3 {font-size:14px;} p {font-size:12px;} a {color:black;} .line {height:1px;background-color:#525D76;border:none;}</style></head><body><h1>HTTP Status 404 – Not Found</h1></body></html>
]]></system-out>
  </testcase>
</testsuite>